nohup: ignoring input
/home/hantai/anaconda3/envs/py36/lib/python3.6/site-packages/sklearn/externals/joblib/__init__.py:15: FutureWarning: sklearn.externals.joblib is deprecated in 0.21 and will be removed in 0.23. Please import this functionality directly from joblib, which can be installed with: pip install joblib. If this warning is raised when loading pickled models, you may need to re-serialize those models with scikit-learn 0.21+.
  warnings.warn(msg, category=FutureWarning)
/home/hantai/anaconda3/envs/py36/lib/python3.6/site-packages/sklearn/metrics/_classification.py:1272: UndefinedMetricWarning: Precision is ill-defined and being set to 0.0 due to no predicted samples. Use `zero_division` parameter to control this behavior.
  _warn_prf(average, modifier, msg_start, len(result))
./test_glass5/standlization_data/glass5_std_train_1.csv
./test_glass5/standlization_data/glass5_std_test_1.csv
MLP_im3_20000
im_num_10_half
./test_glass5/model_MLP_im3_20000/record_1/MLP_im3_20000_1
./test_glass5/result_MLP_im3_20000_im_num_10_half/record_1/
----------------------



the AUC is 0.5

the Fscore is 0.0

the precision is 0.0

the recall is 0.0

Done
/home/hantai/anaconda3/envs/py36/lib/python3.6/site-packages/sklearn/externals/joblib/__init__.py:15: FutureWarning: sklearn.externals.joblib is deprecated in 0.21 and will be removed in 0.23. Please import this functionality directly from joblib, which can be installed with: pip install joblib. If this warning is raised when loading pickled models, you may need to re-serialize those models with scikit-learn 0.21+.
  warnings.warn(msg, category=FutureWarning)
./test_glass5/standlization_data/glass5_std_train_2.csv
./test_glass5/standlization_data/glass5_std_test_2.csv
MLP_im3_20000
im_num_10_half
./test_glass5/model_MLP_im3_20000/record_1/MLP_im3_20000_2
./test_glass5/result_MLP_im3_20000_im_num_10_half/record_1/
----------------------



the AUC is 0.75

the Fscore is 0.6666666666666666

the precision is 1.0

the recall is 0.5

Done
/home/hantai/anaconda3/envs/py36/lib/python3.6/site-packages/sklearn/externals/joblib/__init__.py:15: FutureWarning: sklearn.externals.joblib is deprecated in 0.21 and will be removed in 0.23. Please import this functionality directly from joblib, which can be installed with: pip install joblib. If this warning is raised when loading pickled models, you may need to re-serialize those models with scikit-learn 0.21+.
  warnings.warn(msg, category=FutureWarning)
./test_glass5/standlization_data/glass5_std_train_3.csv
./test_glass5/standlization_data/glass5_std_test_3.csv
MLP_im3_20000
im_num_10_half
./test_glass5/model_MLP_im3_20000/record_1/MLP_im3_20000_3
./test_glass5/result_MLP_im3_20000_im_num_10_half/record_1/
----------------------



the AUC is 0.975609756097561

the Fscore is 0.6666666666666666

the precision is 0.5

the recall is 1.0

Done
/home/hantai/anaconda3/envs/py36/lib/python3.6/site-packages/sklearn/externals/joblib/__init__.py:15: FutureWarning: sklearn.externals.joblib is deprecated in 0.21 and will be removed in 0.23. Please import this functionality directly from joblib, which can be installed with: pip install joblib. If this warning is raised when loading pickled models, you may need to re-serialize those models with scikit-learn 0.21+.
  warnings.warn(msg, category=FutureWarning)
./test_glass5/standlization_data/glass5_std_train_4.csv
./test_glass5/standlization_data/glass5_std_test_4.csv
MLP_im3_20000
im_num_10_half
./test_glass5/model_MLP_im3_20000/record_1/MLP_im3_20000_4
./test_glass5/result_MLP_im3_20000_im_num_10_half/record_1/
----------------------



the AUC is 0.7378048780487805

the Fscore is 0.5

the precision is 0.5

the recall is 0.5

Done
/home/hantai/anaconda3/envs/py36/lib/python3.6/site-packages/sklearn/externals/joblib/__init__.py:15: FutureWarning: sklearn.externals.joblib is deprecated in 0.21 and will be removed in 0.23. Please import this functionality directly from joblib, which can be installed with: pip install joblib. If this warning is raised when loading pickled models, you may need to re-serialize those models with scikit-learn 0.21+.
  warnings.warn(msg, category=FutureWarning)
./test_glass5/standlization_data/glass5_std_train_5.csv
./test_glass5/standlization_data/glass5_std_test_5.csv
MLP_im3_20000
im_num_10_half
./test_glass5/model_MLP_im3_20000/record_1/MLP_im3_20000_5
./test_glass5/result_MLP_im3_20000_im_num_10_half/record_1/
----------------------



the AUC is 1.0

the Fscore is 1.0

the precision is 1.0

the recall is 1.0

Done
